<?xml version="1.0" encoding="UTF-8"?>
<!-- Generated by org.testng.reporters.JUnitReportReporter -->
<testsuite skipped="0" hostname="pc-PC" name="bdd.TestCase" tests="20" failures="0" timestamp="27 Jan 2021 09:02:04 GMT" time="0.031" errors="0">
  <testcase name="testcase1" time="0.000" classname="bdd.TestCase"/>
  <testcase name="testcase1" time="0.001" classname="bdd.TestCase"/>
  <testcase name="testcase1" time="0.001" classname="bdd.TestCase"/>
  <testcase name="testcase1" time="0.001" classname="bdd.TestCase"/>
  <testcase name="testcase1" time="0.001" classname="bdd.TestCase"/>
  <testcase name="testcase1" time="0.001" classname="bdd.TestCase"/>
  <testcase name="testcase1" time="0.001" classname="bdd.TestCase"/>
  <testcase name="testcase1" time="0.001" classname="bdd.TestCase"/>
  <testcase name="testcase1" time="0.001" classname="bdd.TestCase"/>
  <testcase name="testcase1" time="0.002" classname="bdd.TestCase"/>
  <testcase name="testcase1" time="0.001" classname="bdd.TestCase"/>
  <testcase name="testcase1" time="0.001" classname="bdd.TestCase"/>
  <testcase name="testcase1" time="0.001" classname="bdd.TestCase"/>
  <testcase name="testcase1" time="0.001" classname="bdd.TestCase"/>
  <testcase name="testcase1" time="0.002" classname="bdd.TestCase"/>
  <testcase name="testcase1" time="0.002" classname="bdd.TestCase"/>
  <testcase name="testcase1" time="0.001" classname="bdd.TestCase"/>
  <testcase name="testcase1" time="0.001" classname="bdd.TestCase"/>
  <testcase name="testcase1" time="0.010" classname="bdd.TestCase"/>
  <testcase name="testcase1" time="0.001" classname="bdd.TestCase"/>
</testsuite> <!-- bdd.TestCase -->
