<?xml version="1.0" encoding="UTF-8"?>
<!-- Generated by org.testng.reporters.JUnitReportReporter -->
<testsuite skipped="0" hostname="pc-PC" name="org.testing.Testscripts.TC8" tests="1" failures="0" timestamp="06 Feb 2021 12:46:11 GMT" time="57.089" errors="0">
  <testcase name="Login" time="57.089" classname="org.testing.Testscripts.TC8"/>
</testsuite> <!-- org.testing.Testscripts.TC8 -->
