<?xml version="1.0" encoding="UTF-8"?>
<!-- Generated by org.testng.reporters.JUnitReportReporter -->
<testsuite skipped="0" hostname="pc-PC" name="org.testing.Testscripts.TC3" tests="1" failures="0" timestamp="07 Jan 2021 11:13:10 GMT" time="56.152" errors="0">
  <testcase name="Login" time="56.152" classname="org.testing.Testscripts.TC3"/>
</testsuite> <!-- org.testing.Testscripts.TC3 -->
