<?xml version="1.0" encoding="UTF-8"?>
<!-- Generated by org.testng.reporters.JUnitReportReporter -->
<testsuite skipped="0" hostname="pc-PC" name="org.testing.Testscripts.TC1" tests="1" failures="0" timestamp="07 Jan 2021 09:48:23 GMT" time="59.201" errors="0">
  <testcase name="Login" time="59.201" classname="org.testing.Testscripts.TC1"/>
</testsuite> <!-- org.testing.Testscripts.TC1 -->
