<?xml version="1.0" encoding="UTF-8"?>
<!-- Generated by org.testng.reporters.JUnitReportReporter -->
<testsuite skipped="0" hostname="pc-PC" name="org.testing.Testscripts.TC4" tests="1" failures="0" timestamp="07 Jan 2021 11:29:50 GMT" time="80.007" errors="0">
  <testcase name="Login" time="80.007" classname="org.testing.Testscripts.TC4"/>
</testsuite> <!-- org.testing.Testscripts.TC4 -->
