<?xml version="1.0" encoding="UTF-8"?>
<!-- Generated by org.testng.reporters.JUnitReportReporter -->
<testsuite skipped="0" hostname="pc-PC" name="org.testing.Testscripts.TC6" tests="1" failures="0" timestamp="07 Jan 2021 09:26:18 GMT" time="99.024" errors="0">
  <testcase name="Login" time="99.024" classname="org.testing.Testscripts.TC6"/>
</testsuite> <!-- org.testing.Testscripts.TC6 -->
