<?xml version="1.0" encoding="UTF-8"?>
<!-- Generated by org.testng.reporters.JUnitReportReporter -->
<testsuite skipped="0" hostname="pc-PC" name="org.testing.Testscripts.TC1" tests="1" failures="0" timestamp="06 Feb 2021 12:46:11 GMT" time="56.367" errors="0">
  <testcase name="trending" time="56.367" classname="org.testing.Testscripts.TC1"/>
</testsuite> <!-- org.testing.Testscripts.TC1 -->
