<?xml version="1.0" encoding="UTF-8"?>
<!-- Generated by org.testng.reporters.JUnitReportReporter -->
<testsuite skipped="0" hostname="pc-PC" name="org.testing.Testscripts.TC2" tests="1" failures="0" timestamp="07 Jan 2021 10:31:02 GMT" time="60.061" errors="0">
  <testcase name="Login" time="60.061" classname="org.testing.Testscripts.TC2"/>
</testsuite> <!-- org.testing.Testscripts.TC2 -->
